<?xml version="1.0" encoding="UTF-8"?>
<!-- Generated by org.testng.reporters.JUnitReportReporter -->
<testsuite hostname="FVTIII738F1D" name="BDD.Cucumber.FirstRunnerTest" tests="1" failures="0" timestamp="21 Mar 2017 10:13:56 GMT" time="15.228" errors="0">
  <testcase name="feature" time="15.228" classname="BDD.Cucumber.FirstRunnerTest"/>
</testsuite> <!-- BDD.Cucumber.FirstRunnerTest -->
