<?xml version="1.0" encoding="UTF-8"?>
<!-- Generated by org.testng.reporters.JUnitReportReporter -->
<testsuite hostname="FVTIII738F1L" name="BDD.Cucumber.Core.Sendmail" tests="1" failures="0" timestamp="9 May 2017 11:10:37 GMT" time="12.282" errors="0">
  <testcase name="mail" time="12.282" classname="BDD.Cucumber.Core.Sendmail"/>
</testsuite> <!-- BDD.Cucumber.Core.Sendmail -->
