<?xml version="1.0" encoding="UTF-8"?>
<!-- Generated by org.testng.reporters.JUnitReportReporter -->
<testsuite hostname="FVTIII738F1L" name="BDD.Cucumber.RunnerTest" tests="1" failures="0" timestamp="9 May 2017 12:26:31 GMT" time="39.254" errors="0">
  <testcase name="feature" time="39.254" classname="BDD.Cucumber.RunnerTest"/>
</testsuite> <!-- BDD.Cucumber.RunnerTest -->
